<?xml version="1.0" encoding="UTF-8"?>
<!-- Generated by org.testng.reporters.JUnitReportReporter -->
<testsuite hostname="DESKTOP-99VKP99" name="SeleniumTest.SeleniumTest.App" tests="1" failures="0" timestamp="12 Nov 2021 12:29:27 GMT" time="55.910" errors="0">
  <testcase name="test" time="55.910" classname="SeleniumTest.SeleniumTest.App"/>
</testsuite> <!-- SeleniumTest.SeleniumTest.App -->
