<?xml version="1.0" encoding="UTF-8"?>
<!-- Generated by org.testng.reporters.JUnitReportReporter -->
<testsuite hostname="DESKTOP-99VKP99" name="SeleniumTest.SeleniumTest.AppTest" tests="1" failures="0" timestamp="15 Nov 2021 13:27:51 GMT" time="0.018" errors="0">
  <testcase name="test" time="0.018" classname="SeleniumTest.SeleniumTest.AppTest"/>
</testsuite> <!-- SeleniumTest.SeleniumTest.AppTest -->
