<?xml version="1.0" encoding="UTF-8"?>
<!-- Generated by org.testng.reporters.JUnitReportReporter -->
<testsuite hostname="DESKTOP-99VKP99" name="SeleniumTest.SeleniumTest.App" tests="1" failures="0" timestamp="11 Nov 2021 08:51:42 GMT" time="27.119" errors="0">
  <testcase name="test" time="27.119" classname="SeleniumTest.SeleniumTest.App"/>
</testsuite> <!-- SeleniumTest.SeleniumTest.App -->
